Started GET "/governments/1/projects/1/proposals" for ::1 at 2019-10-03 15:04:55 +0200
  [1m[35m (1.2ms)[0m  [1m[34mSELECT "schema_migrations"."version" FROM "schema_migrations" ORDER BY "schema_migrations"."version" ASC[0m
  ↳ /Users/fritzmeyer/.rbenv/versions/2.4.5/lib/ruby/gems/2.4.0/gems/activerecord-5.2.3/lib/active_record/log_subscriber.rb:98
Processing by ProposalsController#index as HTML
  Parameters: {"government_id"=>"1", "project_id"=>"1"}
  [1m[36mGovernment Load (0.3ms)[0m  [1m[34mSELECT  "governments".* FROM "governments" WHERE "governments"."id" = $1 LIMIT $2[0m  [["id", 1], ["LIMIT", 1]]
  ↳ app/controllers/proposals_controller.rb:21
  [1m[36mProject Load (0.5ms)[0m  [1m[34mSELECT  "projects".* FROM "projects" WHERE "projects"."id" = $1 LIMIT $2[0m  [["id", 1], ["LIMIT", 1]]
  ↳ app/controllers/proposals_controller.rb:22
  Rendering proposals/index.html.erb within layouts/application
  [1m[36mProposal Load (0.5ms)[0m  [1m[34mSELECT "proposals".* FROM "proposals" WHERE "proposals"."project_id" = $1[0m  [["project_id", 1]]
  ↳ app/views/proposals/index.html.erb:7
  Rendered proposals/index.html.erb within layouts/application (22.7ms)
  Rendered shared/_navbar.html.erb (2.1ms)
[Webpacker] Compiling…
[Webpacker] Compiled all packs in /Users/fritzmeyer/UCITY/ucityFrontend/public/packs
Completed 200 OK in 8479ms (Views: 8414.5ms | ActiveRecord: 9.4ms)


Started GET "/governments/1/projects.1" for ::1 at 2019-10-03 15:05:07 +0200
Processing by ProjectsController#index as 
  Parameters: {"government_id"=>"1"}
  [1m[36mGovernment Load (0.4ms)[0m  [1m[34mSELECT  "governments".* FROM "governments" WHERE "governments"."id" = $1 LIMIT $2[0m  [["id", 1], ["LIMIT", 1]]
  ↳ app/controllers/projects_controller.rb:3
  Rendering projects/index.html.erb within layouts/application
  [1m[36mProject Load (0.3ms)[0m  [1m[34mSELECT "projects".* FROM "projects" WHERE "projects"."government_id" = $1[0m  [["government_id", 1]]
  ↳ app/views/projects/index.html.erb:7
  [1m[36mProposal Load (0.4ms)[0m  [1m[34mSELECT  "proposals".* FROM "proposals" WHERE "proposals"."project_id" = $1 ORDER BY "proposals"."id" ASC LIMIT $2[0m  [["project_id", 1], ["LIMIT", 2]]
  ↳ app/views/projects/index.html.erb:8
  [1m[36mProposal Load (0.2ms)[0m  [1m[34mSELECT  "proposals".* FROM "proposals" WHERE "proposals"."project_id" = $1 ORDER BY "proposals"."id" ASC LIMIT $2[0m  [["project_id", 2], ["LIMIT", 2]]
  ↳ app/views/projects/index.html.erb:8
  [1m[36mProposal Load (0.3ms)[0m  [1m[34mSELECT  "proposals".* FROM "proposals" WHERE "proposals"."project_id" = $1 ORDER BY "proposals"."id" ASC LIMIT $2[0m  [["project_id", 3], ["LIMIT", 2]]
  ↳ app/views/projects/index.html.erb:8
  [1m[36mProposal Load (0.3ms)[0m  [1m[34mSELECT  "proposals".* FROM "proposals" WHERE "proposals"."project_id" = $1 ORDER BY "proposals"."id" ASC LIMIT $2[0m  [["project_id", 4], ["LIMIT", 2]]
  ↳ app/views/projects/index.html.erb:8
  Rendered projects/index.html.erb within layouts/application (7.7ms)
  Rendered shared/_navbar.html.erb (1.6ms)
Completed 200 OK in 110ms (Views: 83.2ms | ActiveRecord: 2.1ms)


Started GET "/governments/1/projects.1" for ::1 at 2019-10-03 15:06:28 +0200
  [1m[35m (0.5ms)[0m  [1m[34mSELECT "schema_migrations"."version" FROM "schema_migrations" ORDER BY "schema_migrations"."version" ASC[0m
  ↳ /Users/fritzmeyer/.rbenv/versions/2.4.5/lib/ruby/gems/2.4.0/gems/activerecord-5.2.3/lib/active_record/log_subscriber.rb:98
Processing by ProjectsController#index as 
  Parameters: {"government_id"=>"1"}
  [1m[36mGovernment Load (8.3ms)[0m  [1m[34mSELECT  "governments".* FROM "governments" WHERE "governments"."id" = $1 LIMIT $2[0m  [["id", 1], ["LIMIT", 1]]
  ↳ app/controllers/projects_controller.rb:3
  Rendering projects/index.html.erb within layouts/application
  [1m[36mProject Load (0.4ms)[0m  [1m[34mSELECT "projects".* FROM "projects" WHERE "projects"."government_id" = $1[0m  [["government_id", 1]]
  ↳ app/views/projects/index.html.erb:7
  [1m[36mProposal Load (0.4ms)[0m  [1m[34mSELECT  "proposals".* FROM "proposals" WHERE "proposals"."project_id" = $1 ORDER BY "proposals"."id" ASC LIMIT $2[0m  [["project_id", 1], ["LIMIT", 2]]
  ↳ app/views/projects/index.html.erb:8
  [1m[36mProposal Load (0.3ms)[0m  [1m[34mSELECT  "proposals".* FROM "proposals" WHERE "proposals"."project_id" = $1 ORDER BY "proposals"."id" ASC LIMIT $2[0m  [["project_id", 2], ["LIMIT", 2]]
  ↳ app/views/projects/index.html.erb:8
  [1m[36mProposal Load (0.2ms)[0m  [1m[34mSELECT  "proposals".* FROM "proposals" WHERE "proposals"."project_id" = $1 ORDER BY "proposals"."id" ASC LIMIT $2[0m  [["project_id", 3], ["LIMIT", 2]]
  ↳ app/views/projects/index.html.erb:8
  [1m[36mProposal Load (0.4ms)[0m  [1m[34mSELECT  "proposals".* FROM "proposals" WHERE "proposals"."project_id" = $1 ORDER BY "proposals"."id" ASC LIMIT $2[0m  [["project_id", 4], ["LIMIT", 2]]
  ↳ app/views/projects/index.html.erb:8
  Rendered projects/index.html.erb within layouts/application (88.6ms)
  Rendered shared/_navbar.html.erb (1.8ms)
Completed 200 OK in 3201ms (Views: 3138.7ms | ActiveRecord: 17.9ms)


